---------------------------------------
Begin Slurm Prolog: Apr-19-2026 10:15:26
Job ID:    6647830
User ID:   clinder9
Account:   gts-mtao8
Job name:  autoresearch
Partition: gpu-v100
QOS:       inferno
---------------------------------------
Resolved 54 packages in 1ms
Audited 47 packages in 66ms
Cache directory: /storage/home/hcoda1/7/clinder9/.cache/autoresearch

Data: all 11 shards already downloaded at /storage/home/hcoda1/7/clinder9/.cache/autoresearch/data

Tokenizer: already trained at /storage/home/hcoda1/7/clinder9/.cache/autoresearch/tokenizer

Done! Ready to train.
train
Starting cuda cuda
nproc_per_node 1 1
starting:  {'model_scale': 20, 'matrix_lr': 0.04, 'beta1': 0.8, 'beta2': 0.95, 'total_batch_size': 65536, 'layers': 4, 'num_heads': 8} cuda
config:  8 32 256
Model config: {'sequence_len': 2048, 'vocab_size': 8192, 'n_layer': 4, 'n_head': 8, 'n_kv_head': 8, 'n_embd': 256, 'window_pattern': 'L'}
type cuda cuda
orthog_within_head
Scaling the LR for the AdamW parameters ∝1/√(256/768) = 1.732051
stiefel optimizer is None False
/storage/project/r-mtao8-0/clinder9/stiefel-nanochat/.venv/lib/python3.12/site-packages/torch/_inductor/compile_fx.py:2772: UserWarning: Tesla V100-PCIE-16GB does not support bfloat16 compilation natively, skipping
  warnings.warn(
/storage/project/r-mtao8-0/clinder9/stiefel-nanochat/.venv/lib/python3.12/site-packages/torch/_inductor/compile_fx.py:2772: UserWarning: Tesla V100-PCIE-16GB does not support bfloat16 compilation natively, skipping
  warnings.warn(
/storage/project/r-mtao8-0/clinder9/stiefel-nanochat/.venv/lib/python3.12/site-packages/torch/_inductor/compile_fx.py:2772: UserWarning: Tesla V100-PCIE-16GB does not support bfloat16 compilation natively, skipping
  warnings.warn(
/storage/project/r-mtao8-0/clinder9/stiefel-nanochat/.venv/lib/python3.12/site-packages/torch/_inductor/compile_fx.py:2772: UserWarning: Tesla V100-PCIE-16GB does not support bfloat16 compilation natively, skipping
  warnings.warn(
/storage/project/r-mtao8-0/clinder9/stiefel-nanochat/.venv/lib/python3.12/site-packages/torch/_inductor/compile_fx.py:2772: UserWarning: Tesla V100-PCIE-16GB does not support bfloat16 compilation natively, skipping
  warnings.warn(
/storage/project/r-mtao8-0/clinder9/stiefel-nanochat/.venv/lib/python3.12/site-packages/torch/_inductor/compile_fx.py:2772: UserWarning: Tesla V100-PCIE-16GB does not support bfloat16 compilation natively, skipping
  warnings.warn(
Traceback (most recent call last):
  File "/storage/project/r-mtao8-0/clinder9/stiefel-nanochat/train_numheads.py", line 1077, in <module>
    result=train(config,device_type,device)
           ^^^^^^^^^^^^^^^^^^^^^^^^^^^^^^^^
  File "/storage/project/r-mtao8-0/clinder9/stiefel-nanochat/train_numheads.py", line 922, in train
    loss.backward()
  File "/storage/project/r-mtao8-0/clinder9/stiefel-nanochat/.venv/lib/python3.12/site-packages/torch/_tensor.py", line 625, in backward
    torch.autograd.backward(
  File "/storage/project/r-mtao8-0/clinder9/stiefel-nanochat/.venv/lib/python3.12/site-packages/torch/autograd/__init__.py", line 354, in backward
    _engine_run_backward(
  File "/storage/project/r-mtao8-0/clinder9/stiefel-nanochat/.venv/lib/python3.12/site-packages/torch/autograd/graph.py", line 841, in _engine_run_backward
    return Variable._execution_engine.run_backward(  # Calls into the C++ engine to run the backward pass
           ^^^^^^^^^^^^^^^^^^^^^^^^^^^^^^^^^^^^^^^^^^^^^^^^^^^^^^^^^^^^^^^^^^^^^^^^^^^^^^^^^^^^^^^^^^^^^^
torch.OutOfMemoryError: CUDA out of memory. Tried to allocate 2.00 GiB. GPU 0 has a total capacity of 15.77 GiB of which 1.42 GiB is free. Including non-PyTorch memory, this process has 14.34 GiB memory in use. Of the allocated memory 13.72 GiB is allocated by PyTorch, and 261.37 MiB is reserved by PyTorch but unallocated. If reserved but unallocated memory is large try setting PYTORCH_CUDA_ALLOC_CONF=expandable_segments:True to avoid fragmentation.  See documentation for Memory Management  (https://pytorch.org/docs/stable/notes/cuda.html#environment-variables)
E0419 10:16:18.871000 1217964 torch/distributed/elastic/multiprocessing/api.py:882] failed (exitcode: 1) local_rank: 0 (pid: 1218043) of binary: /storage/project/r-mtao8-0/clinder9/stiefel-nanochat/.venv/bin/python3
Traceback (most recent call last):
  File "/storage/project/r-mtao8-0/clinder9/stiefel-nanochat/.venv/bin/torchrun", line 10, in <module>
    sys.exit(main())
             ^^^^^^
  File "/storage/project/r-mtao8-0/clinder9/stiefel-nanochat/.venv/lib/python3.12/site-packages/torch/distributed/elastic/multiprocessing/errors/__init__.py", line 357, in wrapper
    return f(*args, **kwargs)
           ^^^^^^^^^^^^^^^^^^
  File "/storage/project/r-mtao8-0/clinder9/stiefel-nanochat/.venv/lib/python3.12/site-packages/torch/distributed/run.py", line 936, in main
    run(args)
  File "/storage/project/r-mtao8-0/clinder9/stiefel-nanochat/.venv/lib/python3.12/site-packages/torch/distributed/run.py", line 927, in run
    elastic_launch(
  File "/storage/project/r-mtao8-0/clinder9/stiefel-nanochat/.venv/lib/python3.12/site-packages/torch/distributed/launcher/api.py", line 156, in __call__
    return launch_agent(self._config, self._entrypoint, list(args))
           ^^^^^^^^^^^^^^^^^^^^^^^^^^^^^^^^^^^^^^^^^^^^^^^^^^^^^^^^
  File "/storage/project/r-mtao8-0/clinder9/stiefel-nanochat/.venv/lib/python3.12/site-packages/torch/distributed/launcher/api.py", line 293, in launch_agent
    raise ChildFailedError(
torch.distributed.elastic.multiprocessing.errors.ChildFailedError: 
============================================================
train_numheads.py FAILED
------------------------------------------------------------
Failures:
  <NO_OTHER_FAILURES>
------------------------------------------------------------
Root Cause (first observed failure):
[0]:
  time      : 2026-04-19_10:16:18
  host      : atl1-1-02-005-30-0.pace.gatech.edu
  rank      : 0 (local_rank: 0)
  exitcode  : 1 (pid: 1218043)
  error_file: <N/A>
  traceback : To enable traceback see: https://pytorch.org/docs/stable/elastic/errors.html
============================================================
---------------------------------------
Begin Slurm Epilog: Apr-19-2026 10:16:19
Job ID:        6647830
User ID:       clinder9
Account:       gts-mtao8
Job name:      autoresearch
Resources:     cpu=12,gres/gpu:v100=1,mem=120G,node=1
Rsrc Used:     cput=00:10:48,vmem=0,walltime=00:00:54,mem=2684952K,energy_used=0
Partition:     gpu-v100
QOS:           inferno
Nodes:         atl1-1-02-005-30-0
---------------------------------------
