---------------------------------------
Begin Slurm Prolog: Mar-26-2026 15:48:44
Job ID:    5508920
User ID:   clinder9
Account:   gts-mtao8
Job name:  speedrun-gpt
Partition: gpu-v100
QOS:       inferno
---------------------------------------
Downloading transformers (11.4MiB)
Downloading pandas (11.4MiB)
Downloading pyarrow (40.8MiB)
Downloading scipy (34.0MiB)
  × Failed to download `transformers==4.57.3`
  ├─▶ Failed to extract archive: transformers-4.57.3-py3-none-any.whl
  ├─▶ I/O operation failed during extraction
  ╰─▶ failed to create directory
      `/storage/home/hcoda1/7/clinder9/.cache/uv/.tmp2MyYcr/transformers/models/llava`:
      Disk quota exceeded (os error 122)
  help: `transformers` (v4.57.3) was included because `nanochat` (v0.1.0)
        depends on `transformers`
Traceback (most recent call last):
  File "<frozen runpy>", line 198, in _run_module_as_main
  File "<frozen runpy>", line 88, in _run_code
  File "/storage/project/r-mtao8-0/clinder9/stiefel-nanochat/nanochat/report.py", line 12, in <module>
    import psutil
ModuleNotFoundError: No module named 'psutil'
Traceback (most recent call last):
  File "<frozen runpy>", line 198, in _run_module_as_main
  File "<frozen runpy>", line 88, in _run_code
  File "/storage/project/r-mtao8-0/clinder9/stiefel-nanochat/nanochat/dataset.py", line 13, in <module>
    import requests
ModuleNotFoundError: No module named 'requests'
Traceback (most recent call last):
  File "<frozen runpy>", line 198, in _run_module_as_main
  File "<frozen runpy>", line 88, in _run_code
  File "/storage/project/r-mtao8-0/clinder9/stiefel-nanochat/nanochat/dataset.py", line 13, in <module>
    import requests
ModuleNotFoundError: No module named 'requests'
Traceback (most recent call last):
  File "<frozen runpy>", line 198, in _run_module_as_main
  File "<frozen runpy>", line 88, in _run_code
  File "/storage/project/r-mtao8-0/clinder9/stiefel-nanochat/scripts/tok_train.py", line 8, in <module>
    import torch
ModuleNotFoundError: No module named 'torch'
Traceback (most recent call last):
  File "<frozen runpy>", line 198, in _run_module_as_main
  File "<frozen runpy>", line 88, in _run_code
  File "/storage/project/r-mtao8-0/clinder9/stiefel-nanochat/scripts/tok_eval.py", line 5, in <module>
    from nanochat.tokenizer import get_tokenizer, RustBPETokenizer
  File "/storage/project/r-mtao8-0/clinder9/stiefel-nanochat/nanochat/tokenizer.py", line 34, in <module>
    from tokenizers import Tokenizer as HFTokenizer
ModuleNotFoundError: No module named 'tokenizers'
Waiting for dataset download to complete...
Traceback (most recent call last):
  File "/usr/lib64/python3.9/runpy.py", line 197, in _run_module_as_main
    return _run_code(code, main_globals, None,
  File "/usr/lib64/python3.9/runpy.py", line 87, in _run_code
    exec(code, run_globals)
  File "/storage/project/r-mtao8-0/clinder9/stiefel-nanochat/scripts/base_train.py", line 29, in <module>
    import wandb
ModuleNotFoundError: No module named 'wandb'
E0326 15:49:28.991402 1705056 torch/distributed/elastic/multiprocessing/api.py:874] failed (exitcode: 1) local_rank: 0 (pid: 1705066) of binary: /usr/bin/python3
Traceback (most recent call last):
  File "/storage/home/hcoda1/7/clinder9/.local/bin/torchrun", line 8, in <module>
    sys.exit(main())
  File "/storage/home/hcoda1/7/clinder9/.local/lib/python3.9/site-packages/torch/distributed/elastic/multiprocessing/errors/__init__.py", line 357, in wrapper
    return f(*args, **kwargs)
  File "/storage/home/hcoda1/7/clinder9/.local/lib/python3.9/site-packages/torch/distributed/run.py", line 901, in main
    run(args)
  File "/storage/home/hcoda1/7/clinder9/.local/lib/python3.9/site-packages/torch/distributed/run.py", line 892, in run
    elastic_launch(
  File "/storage/home/hcoda1/7/clinder9/.local/lib/python3.9/site-packages/torch/distributed/launcher/api.py", line 143, in __call__
    return launch_agent(self._config, self._entrypoint, list(args))
  File "/storage/home/hcoda1/7/clinder9/.local/lib/python3.9/site-packages/torch/distributed/launcher/api.py", line 277, in launch_agent
    raise ChildFailedError(
torch.distributed.elastic.multiprocessing.errors.ChildFailedError: 
============================================================
scripts.base_train FAILED
------------------------------------------------------------
Failures:
  <NO_OTHER_FAILURES>
------------------------------------------------------------
Root Cause (first observed failure):
[0]:
  time      : 2026-03-26_15:49:28
  host      : atl1-1-02-007-35-0.pace.gatech.edu
  rank      : 0 (local_rank: 0)
  exitcode  : 1 (pid: 1705066)
  error_file: <N/A>
  traceback : To enable traceback see: https://pytorch.org/docs/stable/elastic/errors.html
============================================================
Traceback (most recent call last):
  File "/usr/lib64/python3.9/runpy.py", line 197, in _run_module_as_main
    return _run_code(code, main_globals, None,
  File "/usr/lib64/python3.9/runpy.py", line 87, in _run_code
    exec(code, run_globals)
  File "/storage/project/r-mtao8-0/clinder9/stiefel-nanochat/scripts/base_eval.py", line 37, in <module>
    from nanochat.tokenizer import HuggingFaceTokenizer, get_token_bytes
  File "/storage/project/r-mtao8-0/clinder9/stiefel-nanochat/nanochat/tokenizer.py", line 34, in <module>
    from tokenizers import Tokenizer as HFTokenizer
ModuleNotFoundError: No module named 'tokenizers'
E0326 15:49:34.046208 1705071 torch/distributed/elastic/multiprocessing/api.py:874] failed (exitcode: 1) local_rank: 0 (pid: 1705081) of binary: /usr/bin/python3
Traceback (most recent call last):
  File "/storage/home/hcoda1/7/clinder9/.local/bin/torchrun", line 8, in <module>
    sys.exit(main())
  File "/storage/home/hcoda1/7/clinder9/.local/lib/python3.9/site-packages/torch/distributed/elastic/multiprocessing/errors/__init__.py", line 357, in wrapper
    return f(*args, **kwargs)
  File "/storage/home/hcoda1/7/clinder9/.local/lib/python3.9/site-packages/torch/distributed/run.py", line 901, in main
    run(args)
  File "/storage/home/hcoda1/7/clinder9/.local/lib/python3.9/site-packages/torch/distributed/run.py", line 892, in run
    elastic_launch(
  File "/storage/home/hcoda1/7/clinder9/.local/lib/python3.9/site-packages/torch/distributed/launcher/api.py", line 143, in __call__
    return launch_agent(self._config, self._entrypoint, list(args))
  File "/storage/home/hcoda1/7/clinder9/.local/lib/python3.9/site-packages/torch/distributed/launcher/api.py", line 277, in launch_agent
    raise ChildFailedError(
torch.distributed.elastic.multiprocessing.errors.ChildFailedError: 
============================================================
scripts.base_eval FAILED
------------------------------------------------------------
Failures:
  <NO_OTHER_FAILURES>
------------------------------------------------------------
Root Cause (first observed failure):
[0]:
  time      : 2026-03-26_15:49:34
  host      : atl1-1-02-007-35-0.pace.gatech.edu
  rank      : 0 (local_rank: 0)
  exitcode  : 1 (pid: 1705081)
  error_file: <N/A>
  traceback : To enable traceback see: https://pytorch.org/docs/stable/elastic/errors.html
============================================================
Traceback (most recent call last):
  File "<frozen runpy>", line 198, in _run_module_as_main
  File "<frozen runpy>", line 88, in _run_code
  File "/storage/project/r-mtao8-0/clinder9/stiefel-nanochat/nanochat/report.py", line 12, in <module>
    import psutil
ModuleNotFoundError: No module named 'psutil'
---------------------------------------
Begin Slurm Epilog: Mar-26-2026 15:49:35
Job ID:        5508920
User ID:       clinder9
Account:       gts-mtao8
Job name:      speedrun-gpt
Resources:     cpu=12,gres/gpu:v100=1,mem=100G,node=1
Rsrc Used:     cput=00:10:24,vmem=0,walltime=00:00:52,mem=1079468K,energy_used=0
Partition:     gpu-v100
QOS:           inferno
Nodes:         atl1-1-02-007-35-0
---------------------------------------
