---------------------------------------
Begin Slurm Prolog: Apr-17-2026 20:45:03
Job ID:    6605862
User ID:   clinder9
Account:   gts-mtao8
Job name:  autoresearch
Partition: gpu-v100
QOS:       inferno
---------------------------------------
Resolved 54 packages in 394ms
Audited 47 packages in 130ms
Cache directory: /storage/home/hcoda1/7/clinder9/.cache/autoresearch

Data: all 11 shards already downloaded at /storage/home/hcoda1/7/clinder9/.cache/autoresearch/data

Tokenizer: already trained at /storage/home/hcoda1/7/clinder9/.cache/autoresearch/tokenizer

Done! Ready to train.
train
Starting cuda cuda
nproc_per_node 1 1
starting:  {'model_scale': 10, 'matrix_lr': 0.04, 'beta1': 0.8, 'beta2': 0.95, 'total_batch_size': 32768, 'layers': 1, 'num_heads': 2} cuda
config:  2 32 64
Model config: {'sequence_len': 2048, 'vocab_size': 8192, 'n_layer': 1, 'n_head': 2, 'n_kv_head': 2, 'n_embd': 64, 'window_pattern': 'L'}
type cuda cuda
orthog_within_head
Scaling the LR for the AdamW parameters ∝1/√(64/768) = 3.464102
stiefel optimizer is None False
/storage/project/r-mtao8-0/clinder9/stiefel-nanochat/.venv/lib/python3.12/site-packages/torch/_inductor/compile_fx.py:2772: UserWarning: Tesla V100-PCIE-32GB does not support bfloat16 compilation natively, skipping
  warnings.warn(
/storage/project/r-mtao8-0/clinder9/stiefel-nanochat/.venv/lib/python3.12/site-packages/torch/_inductor/compile_fx.py:2772: UserWarning: Tesla V100-PCIE-32GB does not support bfloat16 compilation natively, skipping
  warnings.warn(
/storage/project/r-mtao8-0/clinder9/stiefel-nanochat/.venv/lib/python3.12/site-packages/torch/_inductor/compile_fx.py:2772: UserWarning: Tesla V100-PCIE-32GB does not support bfloat16 compilation natively, skipping
  warnings.warn(
/storage/project/r-mtao8-0/clinder9/stiefel-nanochat/.venv/lib/python3.12/site-packages/torch/_inductor/compile_fx.py:2772: UserWarning: Tesla V100-PCIE-32GB does not support bfloat16 compilation natively, skipping
  warnings.warn(
/storage/project/r-mtao8-0/clinder9/stiefel-nanochat/.venv/lib/python3.12/site-packages/torch/_inductor/compile_fx.py:2772: UserWarning: Tesla V100-PCIE-32GB does not support bfloat16 compilation natively, skipping
  warnings.warn(
/storage/project/r-mtao8-0/clinder9/stiefel-nanochat/.venv/lib/python3.12/site-packages/torch/_inductor/compile_fx.py:2772: UserWarning: Tesla V100-PCIE-32GB does not support bfloat16 compilation natively, skipping
  warnings.warn(
/storage/project/r-mtao8-0/clinder9/stiefel-nanochat/.venv/lib/python3.12/site-packages/torch/_inductor/compile_fx.py:2772: UserWarning: Tesla V100-PCIE-32GB does not support bfloat16 compilation natively, skipping
  warnings.warn(
muon-ortho-within 1 6 2 64 3
newnew
newnew
muon-ortho-within 6 torch.Size([6, 32, 64])
Traceback (most recent call last):
  File "/storage/project/r-mtao8-0/clinder9/stiefel-nanochat/train_numheads.py", line 1076, in <module>
    result=train(config,device_type,device)
           ^^^^^^^^^^^^^^^^^^^^^^^^^^^^^^^^
  File "/storage/project/r-mtao8-0/clinder9/stiefel-nanochat/train_numheads.py", line 937, in train
    optimizer.step()
  File "/storage/project/r-mtao8-0/clinder9/stiefel-nanochat/.venv/lib/python3.12/site-packages/torch/optim/optimizer.py", line 517, in wrapper
    out = func(*args, **kwargs)
          ^^^^^^^^^^^^^^^^^^^^^
  File "/storage/project/r-mtao8-0/clinder9/stiefel-nanochat/.venv/lib/python3.12/site-packages/torch/utils/_contextlib.py", line 120, in decorate_context
    return func(*args, **kwargs)
           ^^^^^^^^^^^^^^^^^^^^^
  File "/storage/project/r-mtao8-0/clinder9/stiefel-nanochat/train_numheads.py", line 744, in step
    self._step_muon_ortho_within(group)
  File "/storage/project/r-mtao8-0/clinder9/stiefel-nanochat/train_numheads.py", line 643, in _step_muon_ortho_within
    print(kind, s.shape, p.shape, gr.item())
                ^^^^^^^
AttributeError: 'NoneType' object has no attribute 'shape'
E0417 20:46:06.628000 283893 torch/distributed/elastic/multiprocessing/api.py:882] failed (exitcode: 1) local_rank: 0 (pid: 283972) of binary: /storage/project/r-mtao8-0/clinder9/stiefel-nanochat/.venv/bin/python3
Traceback (most recent call last):
  File "/storage/project/r-mtao8-0/clinder9/stiefel-nanochat/.venv/bin/torchrun", line 10, in <module>
    sys.exit(main())
             ^^^^^^
  File "/storage/project/r-mtao8-0/clinder9/stiefel-nanochat/.venv/lib/python3.12/site-packages/torch/distributed/elastic/multiprocessing/errors/__init__.py", line 357, in wrapper
    return f(*args, **kwargs)
           ^^^^^^^^^^^^^^^^^^
  File "/storage/project/r-mtao8-0/clinder9/stiefel-nanochat/.venv/lib/python3.12/site-packages/torch/distributed/run.py", line 936, in main
    run(args)
  File "/storage/project/r-mtao8-0/clinder9/stiefel-nanochat/.venv/lib/python3.12/site-packages/torch/distributed/run.py", line 927, in run
    elastic_launch(
  File "/storage/project/r-mtao8-0/clinder9/stiefel-nanochat/.venv/lib/python3.12/site-packages/torch/distributed/launcher/api.py", line 156, in __call__
    return launch_agent(self._config, self._entrypoint, list(args))
           ^^^^^^^^^^^^^^^^^^^^^^^^^^^^^^^^^^^^^^^^^^^^^^^^^^^^^^^^
  File "/storage/project/r-mtao8-0/clinder9/stiefel-nanochat/.venv/lib/python3.12/site-packages/torch/distributed/launcher/api.py", line 293, in launch_agent
    raise ChildFailedError(
torch.distributed.elastic.multiprocessing.errors.ChildFailedError: 
============================================================
train_numheads.py FAILED
------------------------------------------------------------
Failures:
  <NO_OTHER_FAILURES>
------------------------------------------------------------
Root Cause (first observed failure):
[0]:
  time      : 2026-04-17_20:46:06
  host      : atl1-1-03-006-33-0.pace.gatech.edu
  rank      : 0 (local_rank: 0)
  exitcode  : 1 (pid: 283972)
  error_file: <N/A>
  traceback : To enable traceback see: https://pytorch.org/docs/stable/elastic/errors.html
============================================================
---------------------------------------
Begin Slurm Epilog: Apr-17-2026 20:46:07
Job ID:        6605862
User ID:       clinder9
Account:       gts-mtao8
Job name:      autoresearch
Resources:     cpu=12,gres/gpu:v100=1,mem=120G,node=1
Rsrc Used:     cput=00:13:00,vmem=0,walltime=00:01:05,mem=3336108K,energy_used=0
Partition:     gpu-v100
QOS:           inferno
Nodes:         atl1-1-03-006-33-0
---------------------------------------
