---------------------------------------
Begin Slurm Prolog: Apr-19-2026 19:32:21
Job ID:    6653916
User ID:   clinder9
Account:   gts-mtao8
Job name:  autoresearch
Partition: gpu-v100
QOS:       inferno
---------------------------------------
Resolved 54 packages in 1ms
Audited 47 packages in 53ms
Cache directory: /storage/home/hcoda1/7/clinder9/.cache/autoresearch

Data: all 11 shards already downloaded at /storage/home/hcoda1/7/clinder9/.cache/autoresearch/data

Tokenizer: already trained at /storage/home/hcoda1/7/clinder9/.cache/autoresearch/tokenizer

Done! Ready to train.
train
Starting cuda cuda
nproc_per_node 1 1
Traceback (most recent call last):
  File "/storage/project/r-mtao8-0/clinder9/stiefel-nanochat/train_fullscale.py", line 830, in <module>
    result=train(config,device_type,device)
           ^^^^^^^^^^^^^^^^^^^^^^^^^^^^^^^^
  File "/storage/project/r-mtao8-0/clinder9/stiefel-nanochat/train_fullscale.py", line 565, in train
    print(f"Model config: {asdict(config)}")
                           ^^^^^^^^^^^^^^
  File "/storage/home/hcoda1/7/clinder9/.local/share/uv/python/cpython-3.12-linux-x86_64-gnu/lib/python3.12/dataclasses.py", line 1319, in asdict
    raise TypeError("asdict() should be called on dataclass instances")
TypeError: asdict() should be called on dataclass instances
E0419 19:32:35.654000 962797 torch/distributed/elastic/multiprocessing/api.py:882] failed (exitcode: 1) local_rank: 0 (pid: 962876) of binary: /storage/project/r-mtao8-0/clinder9/stiefel-nanochat/.venv/bin/python3
Traceback (most recent call last):
  File "/storage/project/r-mtao8-0/clinder9/stiefel-nanochat/.venv/bin/torchrun", line 10, in <module>
    sys.exit(main())
             ^^^^^^
  File "/storage/project/r-mtao8-0/clinder9/stiefel-nanochat/.venv/lib/python3.12/site-packages/torch/distributed/elastic/multiprocessing/errors/__init__.py", line 357, in wrapper
    return f(*args, **kwargs)
           ^^^^^^^^^^^^^^^^^^
  File "/storage/project/r-mtao8-0/clinder9/stiefel-nanochat/.venv/lib/python3.12/site-packages/torch/distributed/run.py", line 936, in main
    run(args)
  File "/storage/project/r-mtao8-0/clinder9/stiefel-nanochat/.venv/lib/python3.12/site-packages/torch/distributed/run.py", line 927, in run
    elastic_launch(
  File "/storage/project/r-mtao8-0/clinder9/stiefel-nanochat/.venv/lib/python3.12/site-packages/torch/distributed/launcher/api.py", line 156, in __call__
    return launch_agent(self._config, self._entrypoint, list(args))
           ^^^^^^^^^^^^^^^^^^^^^^^^^^^^^^^^^^^^^^^^^^^^^^^^^^^^^^^^
  File "/storage/project/r-mtao8-0/clinder9/stiefel-nanochat/.venv/lib/python3.12/site-packages/torch/distributed/launcher/api.py", line 293, in launch_agent
    raise ChildFailedError(
torch.distributed.elastic.multiprocessing.errors.ChildFailedError: 
============================================================
train_fullscale.py FAILED
------------------------------------------------------------
Failures:
  <NO_OTHER_FAILURES>
------------------------------------------------------------
Root Cause (first observed failure):
[0]:
  time      : 2026-04-19_19:32:35
  host      : atl1-1-03-006-35-0.pace.gatech.edu
  rank      : 0 (local_rank: 0)
  exitcode  : 1 (pid: 962876)
  error_file: <N/A>
  traceback : To enable traceback see: https://pytorch.org/docs/stable/elastic/errors.html
============================================================
---------------------------------------
Begin Slurm Epilog: Apr-19-2026 19:32:38
Job ID:        6653916
User ID:       clinder9
Account:       gts-mtao8
Job name:      autoresearch
Resources:     cpu=12,gres/gpu:v100=1,mem=120G,node=1
Rsrc Used:     cput=00:03:36,vmem=0,walltime=00:00:18,mem=668704K,energy_used=0
Partition:     gpu-v100
QOS:           inferno
Nodes:         atl1-1-03-006-35-0
---------------------------------------
